<?xml version="1.0" encoding="UTF-8"?>
<!-- Generated by org.testng.reporters.JUnitReportReporter -->
<testsuite hostname="amarpreet911-Inspiron-N5010" name="New.ReadWriteExcel" tests="1" failures="0" timestamp="19 Oct 2017 06:40:05 GMT" time="3.665" errors="0">
  <testcase name="ReadData" time="3.665" classname="New.ReadWriteExcel"/>
</testsuite> <!-- New.ReadWriteExcel -->
